Traceback (most recent call last):
  File "/usr/local/lib/python3.10/dist-packages/jupyter_cache/executors/utils.py", line 58, in single_nb_execution
    executenb(
  File "/usr/local/lib/python3.10/dist-packages/nbclient/client.py", line 1314, in execute
    return NotebookClient(nb=nb, resources=resources, km=km, **kwargs).execute()
  File "/usr/local/lib/python3.10/dist-packages/jupyter_core/utils/__init__.py", line 165, in wrapped
    return loop.run_until_complete(inner)
  File "/usr/lib/python3.10/asyncio/base_events.py", line 649, in run_until_complete
    return future.result()
  File "/usr/local/lib/python3.10/dist-packages/nbclient/client.py", line 709, in async_execute
    await self.async_execute_cell(
  File "/usr/local/lib/python3.10/dist-packages/nbclient/client.py", line 1062, in async_execute_cell
    await self._check_raise_for_error(cell, cell_index, exec_reply)
  File "/usr/local/lib/python3.10/dist-packages/nbclient/client.py", line 918, in _check_raise_for_error
    raise CellExecutionError.from_cell_and_msg(cell, exec_reply_content)
nbclient.exceptions.CellExecutionError: An error occurred while executing the following cell:
------------------
# Matrix
A = np.array([[1,3,9],[3,-2,6],[9,4,1]]) # matrix 3x3
B = np.array([[1,7,5],[2,4,5]]) # matrix 2x3
C = np.array([[3,2],[-1,2],[3,5]]) # matrix 3x2
------------------


[0;31m---------------------------------------------------------------------------[0m
[0;31mNameError[0m                                 Traceback (most recent call last)
[0;32m<ipython-input-1-cc24d03ec1d4>[0m in [0;36m<cell line: 2>[0;34m()[0m
[1;32m      1[0m [0;31m# Matrix[0m[0;34m[0m[0;34m[0m[0m
[0;32m----> 2[0;31m [0mA[0m [0;34m=[0m [0mnp[0m[0;34m.[0m[0marray[0m[0;34m([0m[0;34m[[0m[0;34m[[0m[0;36m1[0m[0;34m,[0m[0;36m3[0m[0;34m,[0m[0;36m9[0m[0;34m][0m[0;34m,[0m[0;34m[[0m[0;36m3[0m[0;34m,[0m[0;34m-[0m[0;36m2[0m[0;34m,[0m[0;36m6[0m[0;34m][0m[0;34m,[0m[0;34m[[0m[0;36m9[0m[0;34m,[0m[0;36m4[0m[0;34m,[0m[0;36m1[0m[0;34m][0m[0;34m][0m[0;34m)[0m [0;31m# matrix 3x3[0m[0;34m[0m[0;34m[0m[0m
[0m[1;32m      3[0m [0mB[0m [0;34m=[0m [0mnp[0m[0;34m.[0m[0marray[0m[0;34m([0m[0;34m[[0m[0;34m[[0m[0;36m1[0m[0;34m,[0m[0;36m7[0m[0;34m,[0m[0;36m5[0m[0;34m][0m[0;34m,[0m[0;34m[[0m[0;36m2[0m[0;34m,[0m[0;36m4[0m[0;34m,[0m[0;36m5[0m[0;34m][0m[0;34m][0m[0;34m)[0m [0;31m# matrix 2x3[0m[0;34m[0m[0;34m[0m[0m
[1;32m      4[0m [0mC[0m [0;34m=[0m [0mnp[0m[0;34m.[0m[0marray[0m[0;34m([0m[0;34m[[0m[0;34m[[0m[0;36m3[0m[0;34m,[0m[0;36m2[0m[0;34m][0m[0;34m,[0m[0;34m[[0m[0;34m-[0m[0;36m1[0m[0;34m,[0m[0;36m2[0m[0;34m][0m[0;34m,[0m[0;34m[[0m[0;36m3[0m[0;34m,[0m[0;36m5[0m[0;34m][0m[0;34m][0m[0;34m)[0m [0;31m# matrix 3x2[0m[0;34m[0m[0;34m[0m[0m

[0;31mNameError[0m: name 'np' is not defined

